# JRE version: OpenJDK Runtime Environment Microsoft-32930 (11.0.15+10) (build 11.0.15+10-LTS)
# Java VM: OpenJDK 64-Bit Server VM Microsoft-32930 (11.0.15+10-LTS, mixed mode, tiered, compressed oops, g1 gc, windows-amd64)
Heap:
 garbage-first heap   total 543744K, used 112934K [0x00000000c0000000, 0x0000000100000000)
  region size 1024K, 6 young (6144K), 6 survivors (6144K)
 Metaspace       used 13599K, capacity 13836K, committed 14080K, reserved 1062912K
  class space    used 1328K, capacity 1413K, committed 1536K, reserved 1048576K
GC Heap History (20 events):
Event: 8.816 GC heap after
{Heap after GC invocations=8 (full 0):
 garbage-first heap   total 126976K, used 48128K [0x00000000c0000000, 0x0000000100000000)
  region size 1024K, 2 young (2048K), 2 survivors (2048K)
 Metaspace       used 13460K, capacity 13701K, committed 13824K, reserved 1060864K
  class space    used 1321K, capacity 1415K, committed 1536K, reserved 1048576K
}
Event: 9.606 GC heap before
{Heap before GC invocations=8 (full 0):
 garbage-first heap   total 126976K, used 73728K [0x00000000c0000000, 0x0000000100000000)
  region size 1024K, 27 young (27648K), 2 survivors (2048K)
 Metaspace       used 13466K, capacity 13701K, committed 13824K, reserved 1060864K
  class space    used 1321K, capacity 1415K, committed 1536K, reserved 1048576K
}
Event: 9.637 GC heap after
{Heap after GC invocations=9 (full 0):
 garbage-first heap   total 126976K, used 54784K [0x00000000c0000000, 0x0000000100000000)
  region size 1024K, 4 young (4096K), 4 survivors (4096K)
 Metaspace       used 13466K, capacity 13701K, committed 13824K, reserved 1060864K
  class space    used 1321K, capacity 1415K, committed 1536K, reserved 1048576K
}
Event: 10.014 GC heap before
{Heap before GC invocations=9 (full 0):
 garbage-first heap   total 126976K, used 65024K [0x00000000c0000000, 0x0000000100000000)
  region size 1024K, 14 young (14336K), 4 survivors (4096K)
 Metaspace       used 13471K, capacity 13701K, committed 13824K, reserved 1060864K
  class space    used 1321K, capacity 1415K, committed 1536K, reserved 1048576K
}
Event: 10.189 GC heap after
{Heap after GC invocations=10 (full 0):
 garbage-first heap   total 205824K, used 58314K [0x00000000c0000000, 0x0000000100000000)
  region size 1024K, 2 young (2048K), 2 survivors (2048K)
 Metaspace       used 13471K, capacity 13701K, committed 13824K, reserved 1060864K
  class space    used 1321K, capacity 1415K, committed 1536K, reserved 1048576K
}
Event: 11.710 GC heap before
{Heap before GC invocations=10 (full 0):
 garbage-first heap   total 205824K, used 74698K [0x00000000c0000000, 0x0000000100000000)
  region size 1024K, 18 young (18432K), 2 survivors (2048K)
 Metaspace       used 13479K, capacity 13703K, committed 13824K, reserved 1060864K
  class space    used 1321K, capacity 1415K, committed 1536K, reserved 1048576K
}
Event: 13.137 GC heap after
{Heap after GC invocations=11 (full 0):
 garbage-first heap   total 205824K, used 62972K [0x00000000c0000000, 0x0000000100000000)
  region size 1024K, 3 young (3072K), 3 survivors (3072K)
 Metaspace       used 13479K, capacity 13703K, committed 13824K, reserved 1060864K
  class space    used 1321K, capacity 1415K, committed 1536K, reserved 1048576K
}
Event: 14.825 GC heap before
{Heap before GC invocations=11 (full 0):
 garbage-first heap   total 205824K, used 84476K [0x00000000c0000000, 0x0000000100000000)
  region size 1024K, 24 young (24576K), 3 survivors (3072K)
 Metaspace       used 13483K, capacity 13704K, committed 14080K, reserved 1062912K
  class space    used 1321K, capacity 1415K, committed 1536K, reserved 1048576K
}
Event: 14.861 GC heap after
{Heap after GC invocations=12 (full 0):
 garbage-first heap   total 205824K, used 68136K [0x00000000c0000000, 0x0000000100000000)
  region size 1024K, 3 young (3072K), 3 survivors (3072K)
 Metaspace       used 13483K, capacity 13704K, committed 14080K, reserved 1062912K
  class space    used 1321K, capacity 1415K, committed 1536K, reserved 1048576K
}
Event: 15.839 GC heap before
{Heap before GC invocations=12 (full 0):
 garbage-first heap   total 205824K, used 89640K [0x00000000c0000000, 0x0000000100000000)
  region size 1024K, 24 young (24576K), 3 survivors (3072K)
 Metaspace       used 13485K, capacity 13704K, committed 14080K, reserved 1062912K
  class space    used 1321K, capacity 1415K, committed 1536K, reserved 1048576K
}
Event: 15.875 GC heap after
{Heap after GC invocations=13 (full 0):
 garbage-first heap   total 205824K, used 73938K [0x00000000c0000000, 0x0000000100000000)
  region size 1024K, 3 young (3072K), 3 survivors (3072K)
 Metaspace       used 13485K, capacity 13704K, committed 14080K, reserved 1062912K
  class space    used 1321K, capacity 1415K, committed 1536K, reserved 1048576K
}
Event: 16.562 GC heap before
{Heap before GC invocations=13 (full 0):
 garbage-first heap   total 205824K, used 103634K [0x00000000c0000000, 0x0000000100000000)
  region size 1024K, 30 young (30720K), 3 survivors (3072K)
 Metaspace       used 13485K, capacity 13704K, committed 14080K, reserved 1062912K
  class space    used 1321K, capacity 1415K, committed 1536K, reserved 1048576K
}
Event: 16.608 GC heap after
{Heap after GC invocations=14 (full 0):
 garbage-first heap   total 205824K, used 83942K [0x00000000c0000000, 0x0000000100000000)
  region size 1024K, 4 young (4096K), 4 survivors (4096K)
 Metaspace       used 13485K, capacity 13704K, committed 14080K, reserved 1062912K
  class space    used 1321K, capacity 1415K, committed 1536K, reserved 1048576K
}
Event: 17.418 GC heap before
{Heap before GC invocations=14 (full 0):
 garbage-first heap   total 205824K, used 114662K [0x00000000c0000000, 0x0000000100000000)
  region size 1024K, 34 young (34816K), 4 survivors (4096K)
 Metaspace       used 13608K, capacity 13858K, committed 14080K, reserved 1062912K
  class space    used 1333K, capacity 1421K, committed 1536K, reserved 1048576K
}
Event: 17.449 GC heap after
{Heap after GC invocations=15 (full 0):
 garbage-first heap   total 205824K, used 91721K [0x00000000c0000000, 0x0000000100000000)
  region size 1024K, 5 young (5120K), 5 survivors (5120K)
 Metaspace       used 13608K, capacity 13858K, committed 14080K, reserved 1062912K
  class space    used 1333K, capacity 1421K, committed 1536K, reserved 1048576K
}
Event: 17.783 GC heap before
{Heap before GC invocations=15 (full 0):
 garbage-first heap   total 205824K, used 131657K [0x00000000c0000000, 0x0000000100000000)
  region size 1024K, 43 young (44032K), 5 survivors (5120K)
 Metaspace       used 13612K, capacity 13858K, committed 14080K, reserved 1062912K
  class space    used 1333K, capacity 1421K, committed 1536K, reserved 1048576K
}
Event: 17.815 GC heap after
{Heap after GC invocations=16 (full 0):
 garbage-first heap   total 205824K, used 99862K [0x00000000c0000000, 0x0000000100000000)
  region size 1024K, 6 young (6144K), 6 survivors (6144K)
 Metaspace       used 13612K, capacity 13858K, committed 14080K, reserved 1062912K
  class space    used 1333K, capacity 1421K, committed 1536K, reserved 1048576K
}
Event: 18.046 GC heap before
{Heap before GC invocations=16 (full 0):
 garbage-first heap   total 205824K, used 138774K [0x00000000c0000000, 0x0000000100000000)
  region size 1024K, 44 young (45056K), 6 survivors (6144K)
 Metaspace       used 13612K, capacity 13858K, committed 14080K, reserved 1062912K
  class space    used 1333K, capacity 1421K, committed 1536K, reserved 1048576K
}
Event: 18.102 GC heap after
{Heap after GC invocations=17 (full 0):
 garbage-first heap   total 205824K, used 106496K [0x00000000c0000000, 0x0000000100000000)
  region size 1024K, 6 young (6144K), 6 survivors (6144K)
 Metaspace       used 13612K, capacity 13858K, committed 14080K, reserved 1062912K
  class space    used 1333K, capacity 1421K, committed 1536K, reserved 1048576K
}
Event: 18.478 GC heap before
{Heap before GC invocations=17 (full 0):
 garbage-first heap   total 205824K, used 145408K [0x00000000c0000000, 0x0000000100000000)
  region size 1024K, 44 young (45056K), 6 survivors (6144K)
 Metaspace       used 13599K, capacity 13836K, committed 14080K, reserved 1062912K
  class space    used 1328K, capacity 1413K, committed 1536K, reserved 1048576K
}

