# JRE version: OpenJDK Runtime Environment Microsoft-32930 (11.0.15+10) (build 11.0.15+10-LTS)
# Java VM: OpenJDK 64-Bit Server VM Microsoft-32930 (11.0.15+10-LTS, mixed mode, tiered, compressed oops, g1 gc, windows-amd64)
Heap:
 garbage-first heap   total 249856K, used 76929K [0x0000000085200000, 0x0000000100000000)
  region size 1024K, 5 young (5120K), 5 survivors (5120K)
 Metaspace       used 18353K, capacity 18684K, committed 18688K, reserved 1067008K
  class space    used 1669K, capacity 1789K, committed 1792K, reserved 1048576K
GC Heap History (20 events):
Event: 4.283 GC heap after
{Heap after GC invocations=42 (full 0):
 garbage-first heap   total 55296K, used 31172K [0x0000000085200000, 0x0000000100000000)
  region size 1024K, 2 young (2048K), 2 survivors (2048K)
 Metaspace       used 15017K, capacity 15334K, committed 15488K, reserved 1062912K
  class space    used 1494K, capacity 1604K, committed 1664K, reserved 1048576K
}
Event: 4.675 GC heap before
{Heap before GC invocations=42 (full 0):
 garbage-first heap   total 55296K, used 37316K [0x0000000085200000, 0x0000000100000000)
  region size 1024K, 9 young (9216K), 2 survivors (2048K)
 Metaspace       used 15220K, capacity 15541K, committed 15744K, reserved 1062912K
  class space    used 1506K, capacity 1609K, committed 1664K, reserved 1048576K
}
Event: 4.681 GC heap after
{Heap after GC invocations=43 (full 0):
 garbage-first heap   total 55296K, used 32852K [0x0000000085200000, 0x0000000100000000)
  region size 1024K, 2 young (2048K), 2 survivors (2048K)
 Metaspace       used 15220K, capacity 15541K, committed 15744K, reserved 1062912K
  class space    used 1506K, capacity 1609K, committed 1664K, reserved 1048576K
}
Event: 5.046 GC heap before
{Heap before GC invocations=44 (full 0):
 garbage-first heap   total 55296K, used 37972K [0x0000000085200000, 0x0000000100000000)
  region size 1024K, 8 young (8192K), 2 survivors (2048K)
 Metaspace       used 15449K, capacity 15716K, committed 15744K, reserved 1062912K
  class space    used 1525K, capacity 1646K, committed 1664K, reserved 1048576K
}
Event: 5.053 GC heap after
{Heap after GC invocations=45 (full 0):
 garbage-first heap   total 91136K, used 34514K [0x0000000085200000, 0x0000000100000000)
  region size 1024K, 2 young (2048K), 2 survivors (2048K)
 Metaspace       used 15449K, capacity 15716K, committed 15744K, reserved 1062912K
  class space    used 1525K, capacity 1646K, committed 1664K, reserved 1048576K
}
Event: 5.377 GC heap before
{Heap before GC invocations=46 (full 0):
 garbage-first heap   total 91136K, used 53970K [0x0000000085200000, 0x0000000100000000)
  region size 1024K, 20 young (20480K), 2 survivors (2048K)
 Metaspace       used 15953K, capacity 16259K, committed 16384K, reserved 1064960K
  class space    used 1563K, capacity 1696K, committed 1792K, reserved 1048576K
}
Event: 5.411 GC heap after
{Heap after GC invocations=47 (full 0):
 garbage-first heap   total 91136K, used 45871K [0x0000000085200000, 0x0000000100000000)
  region size 1024K, 3 young (3072K), 3 survivors (3072K)
 Metaspace       used 15953K, capacity 16259K, committed 16384K, reserved 1064960K
  class space    used 1563K, capacity 1696K, committed 1792K, reserved 1048576K
}
Event: 5.479 GC heap before
{Heap before GC invocations=47 (full 0):
 garbage-first heap   total 91136K, used 60207K [0x0000000085200000, 0x0000000100000000)
  region size 1024K, 17 young (17408K), 3 survivors (3072K)
 Metaspace       used 16015K, capacity 16331K, committed 16640K, reserved 1064960K
  class space    used 1565K, capacity 1699K, committed 1792K, reserved 1048576K
}
Event: 5.517 GC heap after
{Heap after GC invocations=48 (full 0):
 garbage-first heap   total 91136K, used 57344K [0x0000000085200000, 0x0000000100000000)
  region size 1024K, 3 young (3072K), 3 survivors (3072K)
 Metaspace       used 16015K, capacity 16331K, committed 16640K, reserved 1064960K
  class space    used 1565K, capacity 1699K, committed 1792K, reserved 1048576K
}
Event: 5.949 GC heap before
{Heap before GC invocations=49 (full 0):
 garbage-first heap   total 91136K, used 66560K [0x0000000085200000, 0x0000000100000000)
  region size 1024K, 12 young (12288K), 3 survivors (3072K)
 Metaspace       used 16218K, capacity 16528K, committed 16640K, reserved 1064960K
  class space    used 1569K, capacity 1699K, committed 1792K, reserved 1048576K
}
Event: 5.969 GC heap after
{Heap after GC invocations=50 (full 0):
 garbage-first heap   total 91136K, used 60416K [0x0000000085200000, 0x0000000100000000)
  region size 1024K, 2 young (2048K), 2 survivors (2048K)
 Metaspace       used 16218K, capacity 16528K, committed 16640K, reserved 1064960K
  class space    used 1569K, capacity 1699K, committed 1792K, reserved 1048576K
}
Event: 6.001 GC heap before
{Heap before GC invocations=50 (full 0):
 garbage-first heap   total 91136K, used 61440K [0x0000000085200000, 0x0000000100000000)
  region size 1024K, 4 young (4096K), 2 survivors (2048K)
 Metaspace       used 16238K, capacity 16532K, committed 16640K, reserved 1064960K
  class space    used 1569K, capacity 1699K, committed 1792K, reserved 1048576K
}
Event: 6.014 GC heap after
{Heap after GC invocations=51 (full 0):
 garbage-first heap   total 182272K, used 61035K [0x0000000085200000, 0x0000000100000000)
  region size 1024K, 1 young (1024K), 1 survivors (1024K)
 Metaspace       used 16238K, capacity 16532K, committed 16640K, reserved 1064960K
  class space    used 1569K, capacity 1699K, committed 1792K, reserved 1048576K
}
Event: 6.569 GC heap before
{Heap before GC invocations=52 (full 0):
 garbage-first heap   total 182272K, used 98923K [0x0000000085200000, 0x0000000100000000)
  region size 1024K, 36 young (36864K), 1 survivors (1024K)
 Metaspace       used 16412K, capacity 16738K, committed 16896K, reserved 1064960K
  class space    used 1574K, capacity 1700K, committed 1792K, reserved 1048576K
}
Event: 6.591 GC heap after
{Heap after GC invocations=53 (full 0):
 garbage-first heap   total 182272K, used 68385K [0x0000000085200000, 0x0000000100000000)
  region size 1024K, 5 young (5120K), 5 survivors (5120K)
 Metaspace       used 16412K, capacity 16738K, committed 16896K, reserved 1064960K
  class space    used 1574K, capacity 1700K, committed 1792K, reserved 1048576K
}
Event: 9.584 GC heap before
{Heap before GC invocations=53 (full 0):
 garbage-first heap   total 182272K, used 110369K [0x0000000085200000, 0x0000000100000000)
  region size 1024K, 46 young (47104K), 5 survivors (5120K)
 Metaspace       used 18104K, capacity 18420K, committed 18432K, reserved 1067008K
  class space    used 1668K, capacity 1789K, committed 1792K, reserved 1048576K
}
Event: 9.605 GC heap after
{Heap after GC invocations=54 (full 0):
 garbage-first heap   total 182272K, used 72075K [0x0000000085200000, 0x0000000100000000)
  region size 1024K, 4 young (4096K), 4 survivors (4096K)
 Metaspace       used 18104K, capacity 18420K, committed 18432K, reserved 1067008K
  class space    used 1668K, capacity 1789K, committed 1792K, reserved 1048576K
}
Event: 10.229 GC heap before
{Heap before GC invocations=54 (full 0):
 garbage-first heap   total 182272K, used 117131K [0x0000000085200000, 0x0000000100000000)
  region size 1024K, 48 young (49152K), 4 survivors (4096K)
 Metaspace       used 18240K, capacity 18550K, committed 18688K, reserved 1067008K
  class space    used 1669K, capacity 1789K, committed 1792K, reserved 1048576K
}
Event: 10.246 GC heap after
{Heap after GC invocations=55 (full 0):
 garbage-first heap   total 182272K, used 74816K [0x0000000085200000, 0x0000000100000000)
  region size 1024K, 3 young (3072K), 3 survivors (3072K)
 Metaspace       used 18240K, capacity 18550K, committed 18688K, reserved 1067008K
  class space    used 1669K, capacity 1789K, committed 1792K, reserved 1048576K
}
Event: 11.201 GC heap before
{Heap before GC invocations=55 (full 0):
 garbage-first heap   total 182272K, used 127040K [0x0000000085200000, 0x0000000100000000)
  region size 1024K, 54 young (55296K), 3 survivors (3072K)
 Metaspace       used 18353K, capacity 18684K, committed 18688K, reserved 1067008K
  class space    used 1669K, capacity 1789K, committed 1792K, reserved 1048576K
}

