# JRE version: OpenJDK Runtime Environment Microsoft-32930 (11.0.15+10) (build 11.0.15+10-LTS)
# Java VM: OpenJDK 64-Bit Server VM Microsoft-32930 (11.0.15+10-LTS, mixed mode, tiered, compressed oops, g1 gc, windows-amd64)
Heap:
 garbage-first heap   total 271360K, used 80478K [0x0000000085200000, 0x0000000100000000)
  region size 1024K, 11 young (11264K), 2 survivors (2048K)
 Metaspace       used 18111K, capacity 18421K, committed 18432K, reserved 1067008K
  class space    used 1669K, capacity 1789K, committed 1792K, reserved 1048576K
GC Heap History (20 events):
Event: 4.470 GC heap before
{Heap before GC invocations=37 (full 0):
 garbage-first heap   total 49152K, used 34009K [0x0000000085200000, 0x0000000100000000)
  region size 1024K, 2 young (2048K), 1 survivors (1024K)
 Metaspace       used 13795K, capacity 14132K, committed 14336K, reserved 1062912K
  class space    used 1409K, capacity 1503K, committed 1536K, reserved 1048576K
}
Event: 4.473 GC heap after
{Heap after GC invocations=38 (full 0):
 garbage-first heap   total 49152K, used 19880K [0x0000000085200000, 0x0000000100000000)
  region size 1024K, 1 young (1024K), 1 survivors (1024K)
 Metaspace       used 13795K, capacity 14132K, committed 14336K, reserved 1062912K
  class space    used 1409K, capacity 1503K, committed 1536K, reserved 1048576K
}
Event: 4.535 GC heap before
{Heap before GC invocations=39 (full 0):
 garbage-first heap   total 49152K, used 25000K [0x0000000085200000, 0x0000000100000000)
  region size 1024K, 5 young (5120K), 1 survivors (1024K)
 Metaspace       used 13799K, capacity 14132K, committed 14336K, reserved 1062912K
  class space    used 1409K, capacity 1503K, committed 1536K, reserved 1048576K
}
Event: 4.541 GC heap after
{Heap after GC invocations=40 (full 0):
 garbage-first heap   total 72704K, used 22882K [0x0000000085200000, 0x0000000100000000)
  region size 1024K, 2 young (2048K), 2 survivors (2048K)
 Metaspace       used 13799K, capacity 14132K, committed 14336K, reserved 1062912K
  class space    used 1409K, capacity 1503K, committed 1536K, reserved 1048576K
}
Event: 5.302 GC heap before
{Heap before GC invocations=41 (full 0):
 garbage-first heap   total 72704K, used 41314K [0x0000000085200000, 0x0000000100000000)
  region size 1024K, 18 young (18432K), 2 survivors (2048K)
 Metaspace       used 14019K, capacity 14268K, committed 14336K, reserved 1062912K
  class space    used 1417K, capacity 1505K, committed 1536K, reserved 1048576K
}
Event: 5.316 GC heap after
{Heap after GC invocations=42 (full 0):
 garbage-first heap   total 72704K, used 26987K [0x0000000085200000, 0x0000000100000000)
  region size 1024K, 3 young (3072K), 3 survivors (3072K)
 Metaspace       used 14019K, capacity 14268K, committed 14336K, reserved 1062912K
  class space    used 1417K, capacity 1505K, committed 1536K, reserved 1048576K
}
Event: 6.239 GC heap before
{Heap before GC invocations=42 (full 0):
 garbage-first heap   total 72704K, used 43371K [0x0000000085200000, 0x0000000100000000)
  region size 1024K, 18 young (18432K), 3 survivors (3072K)
 Metaspace       used 15376K, capacity 15650K, committed 15744K, reserved 1062912K
  class space    used 1524K, capacity 1646K, committed 1664K, reserved 1048576K
}
Event: 6.251 GC heap after
{Heap after GC invocations=43 (full 0):
 garbage-first heap   total 72704K, used 33605K [0x0000000085200000, 0x0000000100000000)
  region size 1024K, 3 young (3072K), 3 survivors (3072K)
 Metaspace       used 15376K, capacity 15650K, committed 15744K, reserved 1062912K
  class space    used 1524K, capacity 1646K, committed 1664K, reserved 1048576K
}
Event: 6.558 GC heap before
{Heap before GC invocations=43 (full 0):
 garbage-first heap   total 72704K, used 48965K [0x0000000085200000, 0x0000000100000000)
  region size 1024K, 17 young (17408K), 3 survivors (3072K)
 Metaspace       used 15917K, capacity 16258K, committed 16384K, reserved 1064960K
  class space    used 1562K, capacity 1696K, committed 1792K, reserved 1048576K
}
Event: 6.580 GC heap after
{Heap after GC invocations=44 (full 0):
 garbage-first heap   total 72704K, used 41363K [0x0000000085200000, 0x0000000100000000)
  region size 1024K, 3 young (3072K), 3 survivors (3072K)
 Metaspace       used 15917K, capacity 16258K, committed 16384K, reserved 1064960K
  class space    used 1562K, capacity 1696K, committed 1792K, reserved 1048576K
}
Event: 6.640 GC heap before
{Heap before GC invocations=44 (full 0):
 garbage-first heap   total 72704K, used 52627K [0x0000000085200000, 0x0000000100000000)
  region size 1024K, 14 young (14336K), 3 survivors (3072K)
 Metaspace       used 15967K, capacity 16266K, committed 16384K, reserved 1064960K
  class space    used 1564K, capacity 1699K, committed 1792K, reserved 1048576K
}
Event: 6.674 GC heap after
{Heap after GC invocations=45 (full 0):
 garbage-first heap   total 136192K, used 50176K [0x0000000085200000, 0x0000000100000000)
  region size 1024K, 2 young (2048K), 2 survivors (2048K)
 Metaspace       used 15967K, capacity 16266K, committed 16384K, reserved 1064960K
  class space    used 1564K, capacity 1699K, committed 1792K, reserved 1048576K
}
Event: 7.268 GC heap before
{Heap before GC invocations=46 (full 0):
 garbage-first heap   total 136192K, used 77824K [0x0000000085200000, 0x0000000100000000)
  region size 1024K, 27 young (27648K), 2 survivors (2048K)
 Metaspace       used 16247K, capacity 16538K, committed 16640K, reserved 1064960K
  class space    used 1568K, capacity 1699K, committed 1792K, reserved 1048576K
}
Event: 7.303 GC heap after
{Heap after GC invocations=47 (full 0):
 garbage-first heap   total 136192K, used 62464K [0x0000000085200000, 0x0000000100000000)
  region size 1024K, 4 young (4096K), 4 survivors (4096K)
 Metaspace       used 16247K, capacity 16538K, committed 16640K, reserved 1064960K
  class space    used 1568K, capacity 1699K, committed 1792K, reserved 1048576K
}
Event: 7.608 GC heap before
{Heap before GC invocations=47 (full 0):
 garbage-first heap   total 136192K, used 86016K [0x0000000085200000, 0x0000000100000000)
  region size 1024K, 27 young (27648K), 4 survivors (4096K)
 Metaspace       used 16317K, capacity 16609K, committed 16896K, reserved 1064960K
  class space    used 1569K, capacity 1700K, committed 1792K, reserved 1048576K
}
Event: 7.630 GC heap after
{Heap after GC invocations=48 (full 0):
 garbage-first heap   total 136192K, used 67584K [0x0000000085200000, 0x0000000100000000)
  region size 1024K, 4 young (4096K), 4 survivors (4096K)
 Metaspace       used 16317K, capacity 16609K, committed 16896K, reserved 1064960K
  class space    used 1569K, capacity 1700K, committed 1792K, reserved 1048576K
}
Event: 9.699 GC heap before
{Heap before GC invocations=48 (full 0):
 garbage-first heap   total 136192K, used 90112K [0x0000000085200000, 0x0000000100000000)
  region size 1024K, 26 young (26624K), 4 survivors (4096K)
 Metaspace       used 17683K, capacity 17970K, committed 18176K, reserved 1064960K
  class space    used 1667K, capacity 1789K, committed 1792K, reserved 1048576K
}
Event: 9.717 GC heap after
{Heap after GC invocations=49 (full 0):
 garbage-first heap   total 136192K, used 70775K [0x0000000085200000, 0x0000000100000000)
  region size 1024K, 3 young (3072K), 3 survivors (3072K)
 Metaspace       used 17683K, capacity 17970K, committed 18176K, reserved 1064960K
  class space    used 1667K, capacity 1789K, committed 1792K, reserved 1048576K
}
Event: 11.521 GC heap before
{Heap before GC invocations=50 (full 0):
 garbage-first heap   total 136192K, used 93303K [0x0000000085200000, 0x0000000100000000)
  region size 1024K, 25 young (25600K), 3 survivors (3072K)
 Metaspace       used 18060K, capacity 18356K, committed 18432K, reserved 1067008K
  class space    used 1669K, capacity 1789K, committed 1792K, reserved 1048576K
}
Event: 11.541 GC heap after
{Heap after GC invocations=51 (full 0):
 garbage-first heap   total 271360K, used 72286K [0x0000000085200000, 0x0000000100000000)
  region size 1024K, 2 young (2048K), 2 survivors (2048K)
 Metaspace       used 18060K, capacity 18356K, committed 18432K, reserved 1067008K
  class space    used 1669K, capacity 1789K, committed 1792K, reserved 1048576K
}

