# JRE version: OpenJDK Runtime Environment Microsoft-32930 (11.0.15+10) (build 11.0.15+10-LTS)
# Java VM: OpenJDK 64-Bit Server VM Microsoft-32930 (11.0.15+10-LTS, mixed mode, tiered, compressed oops, g1 gc, windows-amd64)
Heap:
 garbage-first heap   total 342016K, used 80896K [0x00000000c0000000, 0x0000000100000000)
  region size 1024K, 5 young (5120K), 5 survivors (5120K)
 Metaspace       used 13442K, capacity 13639K, committed 13824K, reserved 1060864K
  class space    used 1320K, capacity 1416K, committed 1536K, reserved 1048576K
GC Heap History (19 events):
Event: 0.768 GC heap before
{Heap before GC invocations=0 (full 0):
 garbage-first heap   total 126976K, used 13312K [0x00000000c0000000, 0x0000000100000000)
  region size 1024K, 14 young (14336K), 0 survivors (0K)
 Metaspace       used 8561K, capacity 8668K, committed 8704K, reserved 1056768K
  class space    used 732K, capacity 759K, committed 768K, reserved 1048576K
}
Event: 0.776 GC heap after
{Heap after GC invocations=1 (full 0):
 garbage-first heap   total 126976K, used 3476K [0x00000000c0000000, 0x0000000100000000)
  region size 1024K, 2 young (2048K), 2 survivors (2048K)
 Metaspace       used 8561K, capacity 8668K, committed 8704K, reserved 1056768K
  class space    used 732K, capacity 759K, committed 768K, reserved 1048576K
}
Event: 1.053 GC heap before
{Heap before GC invocations=1 (full 0):
 garbage-first heap   total 126976K, used 13716K [0x00000000c0000000, 0x0000000100000000)
  region size 1024K, 10 young (10240K), 2 survivors (2048K)
 Metaspace       used 9938K, capacity 10052K, committed 10240K, reserved 1058816K
  class space    used 913K, capacity 965K, committed 1024K, reserved 1048576K
}
Event: 1.061 GC heap after
{Heap after GC invocations=2 (full 0):
 garbage-first heap   total 126976K, used 6736K [0x00000000c0000000, 0x0000000100000000)
  region size 1024K, 2 young (2048K), 2 survivors (2048K)
 Metaspace       used 9938K, capacity 10052K, committed 10240K, reserved 1058816K
  class space    used 913K, capacity 965K, committed 1024K, reserved 1048576K
}
Event: 1.496 GC heap before
{Heap before GC invocations=2 (full 0):
 garbage-first heap   total 126976K, used 30288K [0x00000000c0000000, 0x0000000100000000)
  region size 1024K, 26 young (26624K), 2 survivors (2048K)
 Metaspace       used 12092K, capacity 12304K, committed 12544K, reserved 1060864K
  class space    used 1185K, capacity 1248K, committed 1280K, reserved 1048576K
}
Event: 1.502 GC heap after
{Heap after GC invocations=3 (full 0):
 garbage-first heap   total 126976K, used 10561K [0x00000000c0000000, 0x0000000100000000)
  region size 1024K, 4 young (4096K), 4 survivors (4096K)
 Metaspace       used 12092K, capacity 12304K, committed 12544K, reserved 1060864K
  class space    used 1185K, capacity 1248K, committed 1280K, reserved 1048576K
}
Event: 1.705 GC heap before
{Heap before GC invocations=3 (full 0):
 garbage-first heap   total 126976K, used 66881K [0x00000000c0000000, 0x0000000100000000)
  region size 1024K, 57 young (58368K), 4 survivors (4096K)
 Metaspace       used 12094K, capacity 12304K, committed 12544K, reserved 1060864K
  class space    used 1185K, capacity 1248K, committed 1280K, reserved 1048576K
}
Event: 1.718 GC heap after
{Heap after GC invocations=4 (full 0):
 garbage-first heap   total 126976K, used 22261K [0x00000000c0000000, 0x0000000100000000)
  region size 1024K, 8 young (8192K), 8 survivors (8192K)
 Metaspace       used 12094K, capacity 12304K, committed 12544K, reserved 1060864K
  class space    used 1185K, capacity 1248K, committed 1280K, reserved 1048576K
}
Event: 1.963 GC heap before
{Heap before GC invocations=4 (full 0):
 garbage-first heap   total 126976K, used 74485K [0x00000000c0000000, 0x0000000100000000)
  region size 1024K, 59 young (60416K), 8 survivors (8192K)
 Metaspace       used 12332K, capacity 12561K, committed 12928K, reserved 1060864K
  class space    used 1212K, capacity 1294K, committed 1408K, reserved 1048576K
}
Event: 1.976 GC heap after
{Heap after GC invocations=5 (full 0):
 garbage-first heap   total 126976K, used 32140K [0x00000000c0000000, 0x0000000100000000)
  region size 1024K, 8 young (8192K), 8 survivors (8192K)
 Metaspace       used 12332K, capacity 12561K, committed 12928K, reserved 1060864K
  class space    used 1212K, capacity 1294K, committed 1408K, reserved 1048576K
}
Event: 2.943 GC heap before
{Heap before GC invocations=5 (full 0):
 garbage-first heap   total 126976K, used 79244K [0x00000000c0000000, 0x0000000100000000)
  region size 1024K, 55 young (56320K), 8 survivors (8192K)
 Metaspace       used 13416K, capacity 13604K, committed 13696K, reserved 1060864K
  class space    used 1320K, capacity 1384K, committed 1408K, reserved 1048576K
}
Event: 3.003 GC heap after
{Heap after GC invocations=6 (full 0):
 garbage-first heap   total 152576K, used 46592K [0x00000000c0000000, 0x0000000100000000)
  region size 1024K, 7 young (7168K), 7 survivors (7168K)
 Metaspace       used 13416K, capacity 13604K, committed 13696K, reserved 1060864K
  class space    used 1320K, capacity 1384K, committed 1408K, reserved 1048576K
}
Event: 3.153 GC heap before
{Heap before GC invocations=6 (full 0):
 garbage-first heap   total 152576K, used 64000K [0x00000000c0000000, 0x0000000100000000)
  region size 1024K, 24 young (24576K), 7 survivors (7168K)
 Metaspace       used 13420K, capacity 13604K, committed 13696K, reserved 1060864K
  class space    used 1320K, capacity 1384K, committed 1408K, reserved 1048576K
}
Event: 3.303 GC heap after
{Heap after GC invocations=7 (full 0):
 garbage-first heap   total 152576K, used 51712K [0x00000000c0000000, 0x0000000100000000)
  region size 1024K, 3 young (3072K), 3 survivors (3072K)
 Metaspace       used 13420K, capacity 13604K, committed 13696K, reserved 1060864K
  class space    used 1320K, capacity 1384K, committed 1408K, reserved 1048576K
}
Event: 3.752 GC heap before
{Heap before GC invocations=7 (full 0):
 garbage-first heap   total 152576K, used 92672K [0x00000000c0000000, 0x0000000100000000)
  region size 1024K, 43 young (44032K), 3 survivors (3072K)
 Metaspace       used 13439K, capacity 13639K, committed 13824K, reserved 1060864K
  class space    used 1320K, capacity 1416K, committed 1536K, reserved 1048576K
}
Event: 3.792 GC heap after
{Heap after GC invocations=8 (full 0):
 garbage-first heap   total 152576K, used 63488K [0x00000000c0000000, 0x0000000100000000)
  region size 1024K, 6 young (6144K), 6 survivors (6144K)
 Metaspace       used 13439K, capacity 13639K, committed 13824K, reserved 1060864K
  class space    used 1320K, capacity 1416K, committed 1536K, reserved 1048576K
}
Event: 4.132 GC heap before
{Heap before GC invocations=8 (full 0):
 garbage-first heap   total 152576K, used 89088K [0x00000000c0000000, 0x0000000100000000)
  region size 1024K, 31 young (31744K), 6 survivors (6144K)
 Metaspace       used 13439K, capacity 13639K, committed 13824K, reserved 1060864K
  class space    used 1320K, capacity 1416K, committed 1536K, reserved 1048576K
}
Event: 4.172 GC heap after
{Heap after GC invocations=9 (full 0):
 garbage-first heap   total 152576K, used 70656K [0x00000000c0000000, 0x0000000100000000)
  region size 1024K, 4 young (4096K), 4 survivors (4096K)
 Metaspace       used 13439K, capacity 13639K, committed 13824K, reserved 1060864K
  class space    used 1320K, capacity 1416K, committed 1536K, reserved 1048576K
}
Event: 4.429 GC heap before
{Heap before GC invocations=9 (full 0):
 garbage-first heap   total 152576K, used 104448K [0x00000000c0000000, 0x0000000100000000)
  region size 1024K, 36 young (36864K), 4 survivors (4096K)
 Metaspace       used 13442K, capacity 13639K, committed 13824K, reserved 1060864K
  class space    used 1320K, capacity 1416K, committed 1536K, reserved 1048576K
}

